c:\users\bukov\desktop\исходники джиель\opengl\урок 35. эффект параллакса в opengl\исходный код №3 - урок 35. эффект параллакса в opengl\hello_window\x64\debug\vc143.pdb
c:\users\bukov\desktop\исходники джиель\opengl\урок 35. эффект параллакса в opengl\исходный код №3 - урок 35. эффект параллакса в opengl\hello_window\x64\debug\vc143.idb
c:\users\bukov\desktop\исходники джиель\opengl\урок 35. эффект параллакса в opengl\исходный код №3 - урок 35. эффект параллакса в opengl\hello_window\x64\debug\stb_image.obj
c:\users\bukov\desktop\исходники джиель\opengl\урок 35. эффект параллакса в opengl\исходный код №3 - урок 35. эффект параллакса в opengl\hello_window\x64\debug\glad.obj
c:\users\bukov\desktop\исходники джиель\opengl\урок 35. эффект параллакса в opengl\исходный код №3 - урок 35. эффект параллакса в opengl\hello_window\x64\debug\main.obj
c:\users\bukov\desktop\исходники джиель\opengl\урок 35. эффект параллакса в opengl\исходный код №3 - урок 35. эффект параллакса в opengl\hello_window\x64\debug\imgui_impl_opengl3.obj
c:\users\bukov\desktop\исходники джиель\opengl\урок 35. эффект параллакса в opengl\исходный код №3 - урок 35. эффект параллакса в opengl\hello_window\x64\debug\imgui_impl_glfw.obj
c:\users\bukov\desktop\исходники джиель\opengl\урок 35. эффект параллакса в opengl\исходный код №3 - урок 35. эффект параллакса в opengl\hello_window\x64\debug\imgui_widgets.obj
c:\users\bukov\desktop\исходники джиель\opengl\урок 35. эффект параллакса в opengl\исходный код №3 - урок 35. эффект параллакса в opengl\hello_window\x64\debug\imgui_tables.obj
c:\users\bukov\desktop\исходники джиель\opengl\урок 35. эффект параллакса в opengl\исходный код №3 - урок 35. эффект параллакса в opengl\hello_window\x64\debug\imgui_draw.obj
c:\users\bukov\desktop\исходники джиель\opengl\урок 35. эффект параллакса в opengl\исходный код №3 - урок 35. эффект параллакса в opengl\hello_window\x64\debug\imgui_demo.obj
c:\users\bukov\desktop\исходники джиель\opengl\урок 35. эффект параллакса в opengl\исходный код №3 - урок 35. эффект параллакса в opengl\hello_window\x64\debug\imgui.obj
c:\users\bukov\desktop\kursachglui\hello_window\x64\debug\vc143.pdb
c:\users\bukov\desktop\kursachglui\hello_window\x64\debug\vc143.idb
c:\users\bukov\desktop\kursachglui\hello_window\x64\debug\glad.obj
c:\users\bukov\desktop\kursachglui\hello_window\x64\debug\stb_image.obj
c:\users\bukov\desktop\kursachglui\hello_window\x64\debug\main.obj
c:\users\bukov\desktop\kursachglui\hello_window\x64\debug\imgui_widgets.obj
c:\users\bukov\desktop\kursachglui\hello_window\x64\debug\imgui_tables.obj
c:\users\bukov\desktop\kursachglui\hello_window\x64\debug\imgui_draw.obj
c:\users\bukov\desktop\kursachglui\hello_window\x64\debug\imgui_demo.obj
c:\users\bukov\desktop\kursachglui\hello_window\x64\debug\imgui.obj
c:\users\bukov\desktop\kursachglui\hello_window\x64\debug\imgui_impl_opengl3.obj
c:\users\bukov\desktop\kursachglui\hello_window\x64\debug\imgui_impl_glfw.obj
c:\users\bukov\desktop\исходники джиель\opengl\урок 35. эффект параллакса в opengl\исходный код №3 - урок 35. эффект параллакса в opengl\hello_window\x64\debug\advanced lighting.ilk
c:\users\bukov\desktop\kursachglui\x64\debug\advanced lighting.pdb
c:\users\bukov\desktop\kursachglui\hello_window\x64\debug\advanced.576c38fb.tlog\cl.command.1.tlog
c:\users\bukov\desktop\kursachglui\hello_window\x64\debug\advanced.576c38fb.tlog\cl.items.tlog
c:\users\bukov\desktop\kursachglui\hello_window\x64\debug\advanced.576c38fb.tlog\cl.read.1.tlog
c:\users\bukov\desktop\kursachglui\hello_window\x64\debug\advanced.576c38fb.tlog\cl.write.1.tlog
c:\users\bukov\desktop\kursachglui\hello_window\x64\debug\advanced.576c38fb.tlog\link-cvtres.read.1.tlog
c:\users\bukov\desktop\kursachglui\hello_window\x64\debug\advanced.576c38fb.tlog\link-cvtres.write.1.tlog
c:\users\bukov\desktop\kursachglui\hello_window\x64\debug\advanced.576c38fb.tlog\link-rc.read.1.tlog
c:\users\bukov\desktop\kursachglui\hello_window\x64\debug\advanced.576c38fb.tlog\link-rc.write.1.tlog
c:\users\bukov\desktop\kursachglui\hello_window\x64\debug\advanced.576c38fb.tlog\link.command.1.tlog
c:\users\bukov\desktop\kursachglui\hello_window\x64\debug\advanced.576c38fb.tlog\link.read.1.tlog
c:\users\bukov\desktop\kursachglui\hello_window\x64\debug\advanced.576c38fb.tlog\link.read.2.tlog
c:\users\bukov\desktop\kursachglui\hello_window\x64\debug\advanced.576c38fb.tlog\link.secondary.1.tlog
c:\users\bukov\desktop\kursachglui\hello_window\x64\debug\advanced.576c38fb.tlog\link.write.1.tlog
